Command line invocation:
    /Applications/Xcode.app/Contents/Developer/usr/bin/xcodebuild -project RealityBadge.xcodeproj -scheme RealityBadge -configuration Debug -destination id=00008103-001548E411A0801E -derivedDataPath build/DerivedData -allowProvisioningUpdates build

ComputePackagePrebuildTargetDependencyGraph

Prepare packages

CreateBuildRequest

SendProjectDescription

CreateBuildOperation

ComputeTargetDependencyGraph
note: Building targets in dependency order
note: Target dependency graph (1 target)
    Target 'RealityBadge' in project 'RealityBadge' (no dependencies)

GatherProvisioningInputs

CreateBuildDescription

ExecuteExternalTool /Applications/Xcode.app/Contents/Developer/Toolchains/XcodeDefault.xctoolchain/usr/bin/clang -v -E -dM -isysroot /Applications/Xcode.app/Contents/Developer/Platforms/iPhoneOS.platform/Developer/SDKs/iPhoneOS18.5.sdk -x c -c /dev/null

ExecuteExternalTool /Applications/Xcode.app/Contents/Developer/usr/bin/actool --print-asset-tag-combinations --output-format xml1 /Users/wujiajun/Downloads/RealityBadge/RealityBadge/Assets.xcassets

ExecuteExternalTool /Applications/Xcode.app/Contents/Developer/usr/bin/actool --version --output-format xml1

ExecuteExternalTool /Applications/Xcode.app/Contents/Developer/Toolchains/XcodeDefault.xctoolchain/usr/bin/swiftc --version

ExecuteExternalTool /Applications/Xcode.app/Contents/Developer/Toolchains/XcodeDefault.xctoolchain/usr/bin/ld -version_details

Build description signature: bd914a5c102475b45cda7a6a3fdd1ecf
Build description path: /Users/wujiajun/Downloads/RealityBadge/build/DerivedData/Build/Intermediates.noindex/XCBuildData/bd914a5c102475b45cda7a6a3fdd1ecf.xcbuilddata
note: Disabling previews because SWIFT_VERSION is set and SWIFT_OPTIMIZATION_LEVEL=-O, expected -Onone (in target 'RealityBadge' from project 'RealityBadge')
ProcessProductPackaging "" /Users/wujiajun/Downloads/RealityBadge/build/DerivedData/Build/Intermediates.noindex/RealityBadge.build/Debug-iphoneos/RealityBadge.build/RealityBadge.app.xcent (in target 'RealityBadge' from project 'RealityBadge')
    cd /Users/wujiajun/Downloads/RealityBadge
    
    Entitlements:
    
    {
    "application-identifier" = "M4T239BM58.com.example.RealityBadge";
    "com.apple.developer.team-identifier" = M4T239BM58;
    "get-task-allow" = 1;
}
    
    builtin-productPackagingUtility -entitlements -format xml -o /Users/wujiajun/Downloads/RealityBadge/build/DerivedData/Build/Intermediates.noindex/RealityBadge.build/Debug-iphoneos/RealityBadge.build/RealityBadge.app.xcent

ProcessProductPackagingDER /Users/wujiajun/Downloads/RealityBadge/build/DerivedData/Build/Intermediates.noindex/RealityBadge.build/Debug-iphoneos/RealityBadge.build/RealityBadge.app.xcent /Users/wujiajun/Downloads/RealityBadge/build/DerivedData/Build/Intermediates.noindex/RealityBadge.build/Debug-iphoneos/RealityBadge.build/RealityBadge.app.xcent.der (in target 'RealityBadge' from project 'RealityBadge')
    cd /Users/wujiajun/Downloads/RealityBadge
    /usr/bin/derq query -f xml -i /Users/wujiajun/Downloads/RealityBadge/build/DerivedData/Build/Intermediates.noindex/RealityBadge.build/Debug-iphoneos/RealityBadge.build/RealityBadge.app.xcent -o /Users/wujiajun/Downloads/RealityBadge/build/DerivedData/Build/Intermediates.noindex/RealityBadge.build/Debug-iphoneos/RealityBadge.build/RealityBadge.app.xcent.der --raw

ClangStatCache /Applications/Xcode.app/Contents/Developer/Toolchains/XcodeDefault.xctoolchain/usr/bin/clang-stat-cache /Applications/Xcode.app/Contents/Developer/Platforms/iPhoneOS.platform/Developer/SDKs/iPhoneOS18.5.sdk /Users/wujiajun/Downloads/RealityBadge/build/DerivedData/SDKStatCaches.noindex/iphoneos18.5-22F76-7fa4eea80a99bbfdc046826b63ec4baf.sdkstatcache
    cd /Users/wujiajun/Downloads/RealityBadge/RealityBadge.xcodeproj
    /Applications/Xcode.app/Contents/Developer/Toolchains/XcodeDefault.xctoolchain/usr/bin/clang-stat-cache /Applications/Xcode.app/Contents/Developer/Platforms/iPhoneOS.platform/Developer/SDKs/iPhoneOS18.5.sdk -o /Users/wujiajun/Downloads/RealityBadge/build/DerivedData/SDKStatCaches.noindex/iphoneos18.5-22F76-7fa4eea80a99bbfdc046826b63ec4baf.sdkstatcache

CompileAssetCatalogVariant thinned /Users/wujiajun/Downloads/RealityBadge/build/DerivedData/Build/Products/Debug-iphoneos/RealityBadge.app /Users/wujiajun/Downloads/RealityBadge/RealityBadge/Assets.xcassets (in target 'RealityBadge' from project 'RealityBadge')
    cd /Users/wujiajun/Downloads/RealityBadge
    /Applications/Xcode.app/Contents/Developer/usr/bin/actool /Users/wujiajun/Downloads/RealityBadge/RealityBadge/Assets.xcassets --compile /Users/wujiajun/Downloads/RealityBadge/build/DerivedData/Build/Intermediates.noindex/RealityBadge.build/Debug-iphoneos/RealityBadge.build/assetcatalog_output/thinned --output-format human-readable-text --notices --warnings --export-dependency-info /Users/wujiajun/Downloads/RealityBadge/build/DerivedData/Build/Intermediates.noindex/RealityBadge.build/Debug-iphoneos/RealityBadge.build/assetcatalog_dependencies_thinned --output-partial-info-plist /Users/wujiajun/Downloads/RealityBadge/build/DerivedData/Build/Intermediates.noindex/RealityBadge.build/Debug-iphoneos/RealityBadge.build/assetcatalog_generated_info.plist_thinned --compress-pngs --enable-on-demand-resources YES --filter-for-thinning-device-configuration iPad13,4 --filter-for-device-os-version 26.0 --development-region en --target-device iphone --target-device ipad --minimum-deployment-target 17.0 --platform iphoneos
/* com.apple.actool.compilation-results */
/Users/wujiajun/Downloads/RealityBadge/build/DerivedData/Build/Intermediates.noindex/RealityBadge.build/Debug-iphoneos/RealityBadge.build/assetcatalog_generated_info.plist_thinned


ProcessInfoPlistFile /Users/wujiajun/Downloads/RealityBadge/build/DerivedData/Build/Products/Debug-iphoneos/RealityBadge.app/Info.plist /Users/wujiajun/Downloads/RealityBadge/RealityBadge/Info.plist (in target 'RealityBadge' from project 'RealityBadge')
    cd /Users/wujiajun/Downloads/RealityBadge
    builtin-infoPlistUtility /Users/wujiajun/Downloads/RealityBadge/RealityBadge/Info.plist -producttype com.apple.product-type.application -genpkginfo /Users/wujiajun/Downloads/RealityBadge/build/DerivedData/Build/Products/Debug-iphoneos/RealityBadge.app/PkgInfo -expandbuildsettings -format binary -platform iphoneos -additionalcontentfile /Users/wujiajun/Downloads/RealityBadge/build/DerivedData/Build/Intermediates.noindex/RealityBadge.build/Debug-iphoneos/RealityBadge.build/assetcatalog_generated_info.plist -requiredArchitecture arm64 -o /Users/wujiajun/Downloads/RealityBadge/build/DerivedData/Build/Products/Debug-iphoneos/RealityBadge.app/Info.plist

CopySwiftLibs /Users/wujiajun/Downloads/RealityBadge/build/DerivedData/Build/Products/Debug-iphoneos/RealityBadge.app (in target 'RealityBadge' from project 'RealityBadge')
    cd /Users/wujiajun/Downloads/RealityBadge
    builtin-swiftStdLibTool --copy --verbose --sign 8A3F9CF75526277C8ADC06349F646D66D8B2915B --scan-executable /Users/wujiajun/Downloads/RealityBadge/build/DerivedData/Build/Products/Debug-iphoneos/RealityBadge.app/RealityBadge --scan-folder /Users/wujiajun/Downloads/RealityBadge/build/DerivedData/Build/Products/Debug-iphoneos/RealityBadge.app/Frameworks --scan-folder /Users/wujiajun/Downloads/RealityBadge/build/DerivedData/Build/Products/Debug-iphoneos/RealityBadge.app/PlugIns --scan-folder /Users/wujiajun/Downloads/RealityBadge/build/DerivedData/Build/Products/Debug-iphoneos/RealityBadge.app/SystemExtensions --scan-folder /Users/wujiajun/Downloads/RealityBadge/build/DerivedData/Build/Products/Debug-iphoneos/RealityBadge.app/Extensions --platform iphoneos --toolchain /Applications/Xcode.app/Contents/Developer/Toolchains/XcodeDefault.xctoolchain --destination /Users/wujiajun/Downloads/RealityBadge/build/DerivedData/Build/Products/Debug-iphoneos/RealityBadge.app/Frameworks --strip-bitcode --strip-bitcode-tool /Applications/Xcode.app/Contents/Developer/Toolchains/XcodeDefault.xctoolchain/usr/bin/bitcode_strip --emit-dependency-info /Users/wujiajun/Downloads/RealityBadge/build/DerivedData/Build/Intermediates.noindex/RealityBadge.build/Debug-iphoneos/RealityBadge.build/SwiftStdLibToolInputDependencies.dep --filter-for-swift-os

CodeSign /Users/wujiajun/Downloads/RealityBadge/build/DerivedData/Build/Products/Debug-iphoneos/RealityBadge.app (in target 'RealityBadge' from project 'RealityBadge')
    cd /Users/wujiajun/Downloads/RealityBadge
    
    Signing Identity:     "Apple Development: epwujiajun@icloud.com (DRM95Z373U)"
    Provisioning Profile: "iOS Team Provisioning Profile: com.example.RealityBadge"
                          (cae92ea4-2e81-44dd-b27e-94d2f44b2a39)
    
    /usr/bin/codesign --force --sign 8A3F9CF75526277C8ADC06349F646D66D8B2915B -o runtime --entitlements /Users/wujiajun/Downloads/RealityBadge/build/DerivedData/Build/Intermediates.noindex/RealityBadge.build/Debug-iphoneos/RealityBadge.build/RealityBadge.app.xcent --timestamp\=none --generate-entitlement-der /Users/wujiajun/Downloads/RealityBadge/build/DerivedData/Build/Products/Debug-iphoneos/RealityBadge.app
/Users/wujiajun/Downloads/RealityBadge/build/DerivedData/Build/Products/Debug-iphoneos/RealityBadge.app: replacing existing signature

Validate /Users/wujiajun/Downloads/RealityBadge/build/DerivedData/Build/Products/Debug-iphoneos/RealityBadge.app (in target 'RealityBadge' from project 'RealityBadge')
    cd /Users/wujiajun/Downloads/RealityBadge
    builtin-validationUtility /Users/wujiajun/Downloads/RealityBadge/build/DerivedData/Build/Products/Debug-iphoneos/RealityBadge.app -infoplist-subpath Info.plist

** BUILD SUCCEEDED **

